<?xml version="1.0" encoding="UTF-8"?>
<!-- Generated by org.testng.reporters.JUnitXMLReporter -->
<testsuite ignored="4" hostname="INBOOK_X1_SLIM" failures="0" tests="4" name="Test1" time="121.001" errors="0" timestamp="15 Jun 2023 04:33:25 GMT">
  <testcase classname="demotest.Annotationtest" name="logintopage" time="30.828"/>
  <testcase classname="demotest.Annotationtest" name="logintopage1" time="10.907"/>
  <testcase classname="demotest.Annotationtest2" name="logintopage" time="65.482"/>
  <testcase classname="demotest.Annotationtest2" name="logintopage1" time="11.474"/>
  <testcase classname="demotest.Baseclass" name="@AfterTest Aftertest" time="0.0">
    <ignored/>
  </testcase> <!-- @AfterTest Aftertest -->
  <testcase classname="demotest.Baseclass" name="@BeforeTest beforetest" time="0.0">
    <ignored/>
  </testcase> <!-- @BeforeTest beforetest -->
  <testcase classname="demotest.Baseclass" name="@AfterSuite aftersuite" time="0.0">
    <ignored/>
  </testcase> <!-- @AfterSuite aftersuite -->
  <testcase classname="demotest.Baseclass" name="@BeforeSuite beforesuite" time="0.0">
    <ignored/>
  </testcase> <!-- @BeforeSuite beforesuite -->
</testsuite> <!-- Test1 -->
